---------------------------------普通----------------------------------------
model.classifier.classifier=nn.Sequential(nn.Linear(512,751))
model.load_state_dict(torch.load('/content/GPUID/model/ft_ResNet50/net_last.pth'))
model.classifier.classifier=nn.Sequential(nn.Linear(512,702))
#model.load_state_dict(torch.load('/content/GPUID/model/ft_ResNet50/net_last.pth'))
---------------------------------PCB----------------------------------------
print(model.classifier0.classifier[0])
model.classifier0.classifier[0]=nn.Linear(256,751)
model.classifier1.classifier[0]=nn.Linear(256,751)
model.classifier2.classifier[0]=nn.Linear(256,751)
model.classifier3.classifier[0]=nn.Linear(256,751)
model.classifier4.classifier[0]=nn.Linear(256,751)
model.classifier5.classifier[0]=nn.Linear(256,751)
model.load_state_dict(torch.load('/content/GPUID/model/PCB-64/net_last.pth'))
model.classifier0.classifier=nn.Sequential(nn.Linear(256,702))
model.classifier1.classifier=nn.Sequential(nn.Linear(256,702))
model.classifier2.classifier=nn.Sequential(nn.Linear(256,702))
model.classifier3.classifier=nn.Sequential(nn.Linear(256,702))
model.classifier4.classifier=nn.Sequential(nn.Linear(256,702))
model.classifier5.classifier=nn.Sequential(nn.Linear(256,702))